# JRE version: Java(TM) SE Runtime Environment (8.0_271-b09) (build 1.8.0_271-b09)
# Java VM: Java HotSpot(TM) 64-Bit Server VM (25.271-b09 mixed mode windows-amd64 compressed oops)
Heap:
 PSYoungGen      total 628224K, used 576892K [0x000000076b700000, 0x0000000796e00000, 0x00000007c0000000)
  eden space 563200K, 95% used [0x000000076b700000,0x000000078c4b1af8,0x000000078dd00000)
  from space 65024K, 59% used [0x0000000791e80000,0x000000079442d890,0x0000000795e00000)
  to   space 67072K, 0% used [0x000000078dd00000,0x000000078dd00000,0x0000000791e80000)
 ParOldGen       total 225792K, used 70953K [0x00000006c2400000, 0x00000006d0080000, 0x000000076b700000)
  object space 225792K, 31% used [0x00000006c2400000,0x00000006c694a760,0x00000006d0080000)
 Metaspace       used 31407K, capacity 32328K, committed 34176K, reserved 1079296K
  class space    used 3406K, capacity 3665K, committed 3968K, reserved 1048576K
GC Heap History (10 events):
Event: 29.143 GC heap before
{Heap before GC invocations=22 (full 2):
 PSYoungGen      total 530944K, used 463872K [0x000000076b700000, 0x0000000795e00000, 0x00000007c0000000)
  eden space 463872K, 100% used [0x000000076b700000,0x0000000787c00000,0x0000000787c00000)
  from space 67072K, 0% used [0x0000000787c00000,0x0000000787c00000,0x000000078bd80000)
  to   space 65024K, 0% used [0x0000000791e80000,0x0000000791e80000,0x0000000795e00000)
 ParOldGen       total 225792K, used 70929K [0x00000006c2400000, 0x00000006d0080000, 0x000000076b700000)
  object space 225792K, 31% used [0x00000006c2400000,0x00000006c6944760,0x00000006d0080000)
 Metaspace       used 29567K, capacity 30468K, committed 34176K, reserved 1079296K
  class space    used 3219K, capacity 3454K, committed 3968K, reserved 1048576K
Event: 29.145 GC heap after
Heap after GC invocations=22 (full 2):
 PSYoungGen      total 628224K, used 384K [0x000000076b700000, 0x0000000796e00000, 0x00000007c0000000)
  eden space 563200K, 0% used [0x000000076b700000,0x000000076b700000,0x000000078dd00000)
  from space 65024K, 0% used [0x0000000791e80000,0x0000000791ee0000,0x0000000795e00000)
  to   space 67072K, 0% used [0x000000078dd00000,0x000000078dd00000,0x0000000791e80000)
 ParOldGen       total 225792K, used 70929K [0x00000006c2400000, 0x00000006d0080000, 0x000000076b700000)
  object space 225792K, 31% used [0x00000006c2400000,0x00000006c6944760,0x00000006d0080000)
 Metaspace       used 29567K, capacity 30468K, committed 34176K, reserved 1079296K
  class space    used 3219K, capacity 3454K, committed 3968K, reserved 1048576K
}
Event: 29.421 GC heap before
{Heap before GC invocations=23 (full 2):
 PSYoungGen      total 628224K, used 563584K [0x000000076b700000, 0x0000000796e00000, 0x00000007c0000000)
  eden space 563200K, 100% used [0x000000076b700000,0x000000078dd00000,0x000000078dd00000)
  from space 65024K, 0% used [0x0000000791e80000,0x0000000791ee0000,0x0000000795e00000)
  to   space 67072K, 0% used [0x000000078dd00000,0x000000078dd00000,0x0000000791e80000)
 ParOldGen       total 225792K, used 70929K [0x00000006c2400000, 0x00000006d0080000, 0x000000076b700000)
  object space 225792K, 31% used [0x00000006c2400000,0x00000006c6944760,0x00000006d0080000)
 Metaspace       used 29567K, capacity 30468K, committed 34176K, reserved 1079296K
  class space    used 3219K, capacity 3454K, committed 3968K, reserved 1048576K
Event: 29.423 GC heap after
Heap after GC invocations=23 (full 2):
 PSYoungGen      total 630272K, used 320K [0x000000076b700000, 0x0000000796e00000, 0x00000007c0000000)
  eden space 563200K, 0% used [0x000000076b700000,0x000000076b700000,0x000000078dd00000)
  from space 67072K, 0% used [0x000000078dd00000,0x000000078dd50000,0x0000000791e80000)
  to   space 65024K, 0% used [0x0000000791e80000,0x0000000791e80000,0x0000000795e00000)
 ParOldGen       total 225792K, used 70929K [0x00000006c2400000, 0x00000006d0080000, 0x000000076b700000)
  object space 225792K, 31% used [0x00000006c2400000,0x00000006c6944760,0x00000006d0080000)
 Metaspace       used 29567K, capacity 30468K, committed 34176K, reserved 1079296K
  class space    used 3219K, capacity 3454K, committed 3968K, reserved 1048576K
}
Event: 29.662 GC heap before
{Heap before GC invocations=24 (full 2):
 PSYoungGen      total 630272K, used 563520K [0x000000076b700000, 0x0000000796e00000, 0x00000007c0000000)
  eden space 563200K, 100% used [0x000000076b700000,0x000000078dd00000,0x000000078dd00000)
  from space 67072K, 0% used [0x000000078dd00000,0x000000078dd50000,0x0000000791e80000)
  to   space 65024K, 0% used [0x0000000791e80000,0x0000000791e80000,0x0000000795e00000)
 ParOldGen       total 225792K, used 70929K [0x00000006c2400000, 0x00000006d0080000, 0x000000076b700000)
  object space 225792K, 31% used [0x00000006c2400000,0x00000006c6944760,0x00000006d0080000)
 Metaspace       used 29567K, capacity 30468K, committed 34176K, reserved 1079296K
  class space    used 3219K, capacity 3454K, committed 3968K, reserved 1048576K
Event: 29.663 GC heap after
Heap after GC invocations=24 (full 2):
 PSYoungGen      total 628224K, used 160K [0x000000076b700000, 0x0000000796e00000, 0x00000007c0000000)
  eden space 563200K, 0% used [0x000000076b700000,0x000000076b700000,0x000000078dd00000)
  from space 65024K, 0% used [0x0000000791e80000,0x0000000791ea8000,0x0000000795e00000)
  to   space 67072K, 0% used [0x000000078dd00000,0x000000078dd00000,0x0000000791e80000)
 ParOldGen       total 225792K, used 70929K [0x00000006c2400000, 0x00000006d0080000, 0x000000076b700000)
  object space 225792K, 31% used [0x00000006c2400000,0x00000006c6944760,0x00000006d0080000)
 Metaspace       used 29567K, capacity 30468K, committed 34176K, reserved 1079296K
  class space    used 3219K, capacity 3454K, committed 3968K, reserved 1048576K
}
Event: 35.472 GC heap before
{Heap before GC invocations=25 (full 2):
 PSYoungGen      total 628224K, used 563360K [0x000000076b700000, 0x0000000796e00000, 0x00000007c0000000)
  eden space 563200K, 100% used [0x000000076b700000,0x000000078dd00000,0x000000078dd00000)
  from space 65024K, 0% used [0x0000000791e80000,0x0000000791ea8000,0x0000000795e00000)
  to   space 67072K, 0% used [0x000000078dd00000,0x000000078dd00000,0x0000000791e80000)
 ParOldGen       total 225792K, used 70929K [0x00000006c2400000, 0x00000006d0080000, 0x000000076b700000)
  object space 225792K, 31% used [0x00000006c2400000,0x00000006c6944760,0x00000006d0080000)
 Metaspace       used 30848K, capacity 31822K, committed 34176K, reserved 1079296K
  class space    used 3364K, capacity 3627K, committed 3968K, reserved 1048576K
Event: 35.503 GC heap after
Heap after GC invocations=25 (full 2):
 PSYoungGen      total 630272K, used 41429K [0x000000076b700000, 0x0000000796e00000, 0x00000007c0000000)
  eden space 563200K, 0% used [0x000000076b700000,0x000000076b700000,0x000000078dd00000)
  from space 67072K, 61% used [0x000000078dd00000,0x0000000790575718,0x0000000791e80000)
  to   space 65024K, 0% used [0x0000000791e80000,0x0000000791e80000,0x0000000795e00000)
 ParOldGen       total 225792K, used 70945K [0x00000006c2400000, 0x00000006d0080000, 0x000000076b700000)
  object space 225792K, 31% used [0x00000006c2400000,0x00000006c6948760,0x00000006d0080000)
 Metaspace       used 30848K, capacity 31822K, committed 34176K, reserved 1079296K
  class space    used 3364K, capacity 3627K, committed 3968K, reserved 1048576K
}
Event: 36.759 GC heap before
{Heap before GC invocations=26 (full 2):
 PSYoungGen      total 630272K, used 604629K [0x000000076b700000, 0x0000000796e00000, 0x00000007c0000000)
  eden space 563200K, 100% used [0x000000076b700000,0x000000078dd00000,0x000000078dd00000)
  from space 67072K, 61% used [0x000000078dd00000,0x0000000790575718,0x0000000791e80000)
  to   space 65024K, 0% used [0x0000000791e80000,0x0000000791e80000,0x0000000795e00000)
 ParOldGen       total 225792K, used 70945K [0x00000006c2400000, 0x00000006d0080000, 0x000000076b700000)
  object space 225792K, 31% used [0x00000006c2400000,0x00000006c6948760,0x00000006d0080000)
 Metaspace       used 31346K, capacity 32256K, committed 34176K, reserved 1079296K
  class space    used 3404K, capacity 3662K, committed 3968K, reserved 1048576K
Event: 36.791 GC heap after
Heap after GC invocations=26 (full 2):
 PSYoungGen      total 628224K, used 38582K [0x000000076b700000, 0x0000000796e00000, 0x00000007c0000000)
  eden space 563200K, 0% used [0x000000076b700000,0x000000076b700000,0x000000078dd00000)
  from space 65024K, 59% used [0x0000000791e80000,0x000000079442d890,0x0000000795e00000)
  to   space 67072K, 0% used [0x000000078dd00000,0x000000078dd00000,0x0000000791e80000)
 ParOldGen       total 225792K, used 70953K [0x00000006c2400000, 0x00000006d0080000, 0x000000076b700000)
  object space 225792K, 31% used [0x00000006c2400000,0x00000006c694a760,0x00000006d0080000)
 Metaspace       used 31346K, capacity 32256K, committed 34176K, reserved 1079296K
  class space    used 3404K, capacity 3662K, committed 3968K, reserved 1048576K
}

