# JRE version: Java(TM) SE Runtime Environment (8.0_271-b09) (build 1.8.0_271-b09)
# Java VM: Java HotSpot(TM) 64-Bit Server VM (25.271-b09 mixed mode windows-amd64 compressed oops)
Heap:
 PSYoungGen      total 522240K, used 402453K [0x000000076b700000, 0x000000078df80000, 0x00000007c0000000)
  eden space 477696K, 83% used [0x000000076b700000,0x0000000783cff870,0x0000000788980000)
  from space 44544K, 6% used [0x000000078b380000,0x000000078b685f88,0x000000078df00000)
  to   space 43008K, 0% used [0x0000000788980000,0x0000000788980000,0x000000078b380000)
 ParOldGen       total 136192K, used 96348K [0x00000006c2400000, 0x00000006ca900000, 0x000000076b700000)
  object space 136192K, 70% used [0x00000006c2400000,0x00000006c82171c8,0x00000006ca900000)
 Metaspace       used 32481K, capacity 33600K, committed 33920K, reserved 1079296K
  class space    used 3560K, capacity 3835K, committed 3968K, reserved 1048576K
GC Heap History (10 events):
Event: 22.195 GC heap before
{Heap before GC invocations=20 (full 2):
 PSYoungGen      total 520704K, used 496050K [0x000000076b700000, 0x000000078df80000, 0x00000007c0000000)
  eden space 477696K, 100% used [0x000000076b700000,0x0000000788980000,0x0000000788980000)
  from space 43008K, 42% used [0x0000000788980000,0x0000000789b6cb68,0x000000078b380000)
  to   space 44544K, 0% used [0x000000078b380000,0x000000078b380000,0x000000078df00000)
 ParOldGen       total 136192K, used 78460K [0x00000006c2400000, 0x00000006ca900000, 0x000000076b700000)
  object space 136192K, 57% used [0x00000006c2400000,0x00000006c709f000,0x00000006ca900000)
 Metaspace       used 31192K, capacity 32246K, committed 33920K, reserved 1079296K
  class space    used 3415K, capacity 3662K, committed 3968K, reserved 1048576K
Event: 22.201 GC heap after
Heap after GC invocations=20 (full 2):
 PSYoungGen      total 522240K, used 18449K [0x000000076b700000, 0x000000078df80000, 0x00000007c0000000)
  eden space 477696K, 0% used [0x000000076b700000,0x000000076b700000,0x0000000788980000)
  from space 44544K, 41% used [0x000000078b380000,0x000000078c584578,0x000000078df00000)
  to   space 43008K, 0% used [0x0000000788980000,0x0000000788980000,0x000000078b380000)
 ParOldGen       total 136192K, used 78460K [0x00000006c2400000, 0x00000006ca900000, 0x000000076b700000)
  object space 136192K, 57% used [0x00000006c2400000,0x00000006c709f000,0x00000006ca900000)
 Metaspace       used 31192K, capacity 32246K, committed 33920K, reserved 1079296K
  class space    used 3415K, capacity 3662K, committed 3968K, reserved 1048576K
}
Event: 22.585 GC heap before
{Heap before GC invocations=21 (full 2):
 PSYoungGen      total 522240K, used 496145K [0x000000076b700000, 0x000000078df80000, 0x00000007c0000000)
  eden space 477696K, 100% used [0x000000076b700000,0x0000000788980000,0x0000000788980000)
  from space 44544K, 41% used [0x000000078b380000,0x000000078c584578,0x000000078df00000)
  to   space 43008K, 0% used [0x0000000788980000,0x0000000788980000,0x000000078b380000)
 ParOldGen       total 136192K, used 78460K [0x00000006c2400000, 0x00000006ca900000, 0x000000076b700000)
  object space 136192K, 57% used [0x00000006c2400000,0x00000006c709f000,0x00000006ca900000)
 Metaspace       used 31192K, capacity 32246K, committed 33920K, reserved 1079296K
  class space    used 3415K, capacity 3662K, committed 3968K, reserved 1048576K
Event: 22.591 GC heap after
Heap after GC invocations=21 (full 2):
 PSYoungGen      total 520704K, used 288K [0x000000076b700000, 0x000000078df80000, 0x00000007c0000000)
  eden space 477696K, 0% used [0x000000076b700000,0x000000076b700000,0x0000000788980000)
  from space 43008K, 0% used [0x0000000788980000,0x00000007889c8020,0x000000078b380000)
  to   space 44544K, 0% used [0x000000078b380000,0x000000078b380000,0x000000078df00000)
 ParOldGen       total 136192K, used 96316K [0x00000006c2400000, 0x00000006ca900000, 0x000000076b700000)
  object space 136192K, 70% used [0x00000006c2400000,0x00000006c820f1c8,0x00000006ca900000)
 Metaspace       used 31192K, capacity 32246K, committed 33920K, reserved 1079296K
  class space    used 3415K, capacity 3662K, committed 3968K, reserved 1048576K
}
Event: 22.806 GC heap before
{Heap before GC invocations=22 (full 2):
 PSYoungGen      total 520704K, used 477984K [0x000000076b700000, 0x000000078df80000, 0x00000007c0000000)
  eden space 477696K, 100% used [0x000000076b700000,0x0000000788980000,0x0000000788980000)
  from space 43008K, 0% used [0x0000000788980000,0x00000007889c8020,0x000000078b380000)
  to   space 44544K, 0% used [0x000000078b380000,0x000000078b380000,0x000000078df00000)
 ParOldGen       total 136192K, used 96316K [0x00000006c2400000, 0x00000006ca900000, 0x000000076b700000)
  object space 136192K, 70% used [0x00000006c2400000,0x00000006c820f1c8,0x00000006ca900000)
 Metaspace       used 31192K, capacity 32246K, committed 33920K, reserved 1079296K
  class space    used 3415K, capacity 3662K, committed 3968K, reserved 1048576K
Event: 22.807 GC heap after
Heap after GC invocations=22 (full 2):
 PSYoungGen      total 522240K, used 192K [0x000000076b700000, 0x000000078df80000, 0x00000007c0000000)
  eden space 477696K, 0% used [0x000000076b700000,0x000000076b700000,0x0000000788980000)
  from space 44544K, 0% used [0x000000078b380000,0x000000078b3b0000,0x000000078df00000)
  to   space 43008K, 0% used [0x0000000788980000,0x0000000788980000,0x000000078b380000)
 ParOldGen       total 136192K, used 96340K [0x00000006c2400000, 0x00000006ca900000, 0x000000076b700000)
  object space 136192K, 70% used [0x00000006c2400000,0x00000006c82151c8,0x00000006ca900000)
 Metaspace       used 31192K, capacity 32246K, committed 33920K, reserved 1079296K
  class space    used 3415K, capacity 3662K, committed 3968K, reserved 1048576K
}
Event: 22.976 GC heap before
{Heap before GC invocations=23 (full 2):
 PSYoungGen      total 522240K, used 477888K [0x000000076b700000, 0x000000078df80000, 0x00000007c0000000)
  eden space 477696K, 100% used [0x000000076b700000,0x0000000788980000,0x0000000788980000)
  from space 44544K, 0% used [0x000000078b380000,0x000000078b3b0000,0x000000078df00000)
  to   space 43008K, 0% used [0x0000000788980000,0x0000000788980000,0x000000078b380000)
 ParOldGen       total 136192K, used 96340K [0x00000006c2400000, 0x00000006ca900000, 0x000000076b700000)
  object space 136192K, 70% used [0x00000006c2400000,0x00000006c82151c8,0x00000006ca900000)
 Metaspace       used 31192K, capacity 32246K, committed 33920K, reserved 1079296K
  class space    used 3415K, capacity 3662K, committed 3968K, reserved 1048576K
Event: 22.978 GC heap after
Heap after GC invocations=23 (full 2):
 PSYoungGen      total 520704K, used 192K [0x000000076b700000, 0x000000078df80000, 0x00000007c0000000)
  eden space 477696K, 0% used [0x000000076b700000,0x000000076b700000,0x0000000788980000)
  from space 43008K, 0% used [0x0000000788980000,0x00000007889b0000,0x000000078b380000)
  to   space 44544K, 0% used [0x000000078b380000,0x000000078b380000,0x000000078df00000)
 ParOldGen       total 136192K, used 96340K [0x00000006c2400000, 0x00000006ca900000, 0x000000076b700000)
  object space 136192K, 70% used [0x00000006c2400000,0x00000006c82151c8,0x00000006ca900000)
 Metaspace       used 31192K, capacity 32246K, committed 33920K, reserved 1079296K
  class space    used 3415K, capacity 3662K, committed 3968K, reserved 1048576K
}
Event: 24.063 GC heap before
{Heap before GC invocations=24 (full 2):
 PSYoungGen      total 520704K, used 477888K [0x000000076b700000, 0x000000078df80000, 0x00000007c0000000)
  eden space 477696K, 100% used [0x000000076b700000,0x0000000788980000,0x0000000788980000)
  from space 43008K, 0% used [0x0000000788980000,0x00000007889b0000,0x000000078b380000)
  to   space 44544K, 0% used [0x000000078b380000,0x000000078b380000,0x000000078df00000)
 ParOldGen       total 136192K, used 96340K [0x00000006c2400000, 0x00000006ca900000, 0x000000076b700000)
  object space 136192K, 70% used [0x00000006c2400000,0x00000006c82151c8,0x00000006ca900000)
 Metaspace       used 31215K, capacity 32246K, committed 33920K, reserved 1079296K
  class space    used 3415K, capacity 3662K, committed 3968K, reserved 1048576K
Event: 24.066 GC heap after
Heap after GC invocations=24 (full 2):
 PSYoungGen      total 522240K, used 3095K [0x000000076b700000, 0x000000078df80000, 0x00000007c0000000)
  eden space 477696K, 0% used [0x000000076b700000,0x000000076b700000,0x0000000788980000)
  from space 44544K, 6% used [0x000000078b380000,0x000000078b685f88,0x000000078df00000)
  to   space 43008K, 0% used [0x0000000788980000,0x0000000788980000,0x000000078b380000)
 ParOldGen       total 136192K, used 96348K [0x00000006c2400000, 0x00000006ca900000, 0x000000076b700000)
  object space 136192K, 70% used [0x00000006c2400000,0x00000006c82171c8,0x00000006ca900000)
 Metaspace       used 31215K, capacity 32246K, committed 33920K, reserved 1079296K
  class space    used 3415K, capacity 3662K, committed 3968K, reserved 1048576K
}

